c:\programprojects\rsasign\rsasign\x64\debug\vc143.pdb
c:\programprojects\rsasign\rsasign\x64\debug\.netframework,version=v4.7.2.assemblyattributes.obj
c:\programprojects\rsasign\rsasign\x64\debug\signature.obj
c:\programprojects\rsasign\rsasign\x64\debug\publickey.obj
c:\programprojects\rsasign\rsasign\x64\debug\privatekey.obj
c:\programprojects\rsasign\rsasign\x64\debug\primenumbergenerator.obj
c:\programprojects\rsasign\rsasign\x64\debug\myform.obj
c:\programprojects\rsasign\x64\debug\rsasign.exe
c:\programprojects\rsasign\x64\debug\rsasign.pdb
c:\programprojects\rsasign\x64\debug\gmp-10.dll
c:\programprojects\rsasign\x64\debug\gmpxx-4.dll
c:\programprojects\rsasign\rsasign\x64\debug\rsasign.tlog\cl.command.1.tlog
c:\programprojects\rsasign\rsasign\x64\debug\rsasign.tlog\cl.items.tlog
c:\programprojects\rsasign\rsasign\x64\debug\rsasign.tlog\cl.read.1.tlog
c:\programprojects\rsasign\rsasign\x64\debug\rsasign.tlog\cl.write.1.tlog
c:\programprojects\rsasign\rsasign\x64\debug\rsasign.tlog\link.command.1.tlog
c:\programprojects\rsasign\rsasign\x64\debug\rsasign.tlog\link.read.1.tlog
c:\programprojects\rsasign\rsasign\x64\debug\rsasign.tlog\link.write.1.tlog
c:\programprojects\rsasign\rsasign\x64\debug\rsasign.tlog\metagen.read.1.tlog
c:\programprojects\rsasign\rsasign\x64\debug\rsasign.tlog\metagen.write.1.tlog
c:\programprojects\rsasign\rsasign\x64\debug\rsasign.tlog\resgen.command.1.tlog
c:\programprojects\rsasign\rsasign\x64\debug\rsasign.tlog\resgen.read.1.tlog
c:\programprojects\rsasign\rsasign\x64\debug\rsasign.tlog\resgen.write.1.tlog
c:\programprojects\rsasign\rsasign\x64\debug\rsasign.tlog\rsasign.write.1u.tlog
